# JRE version: OpenJDK Runtime Environment (8.0_151-b12) (build 1.8.0_151-b12)
# Java VM: OpenJDK 64-Bit Server VM (25.151-b12 mixed mode linux-amd64 compressed oops)
Heap:
 PSYoungGen      total 409088K, used 672K [0x00000000d6d80000, 0x00000000f0100000, 0x0000000100000000)
  eden space 404992K, 0% used [0x00000000d6d80000,0x00000000d6d80000,0x00000000ef900000)
  from space 4096K, 16% used [0x00000000ef900000,0x00000000ef9a8000,0x00000000efd00000)
  to   space 4096K, 0% used [0x00000000efd00000,0x00000000efd00000,0x00000000f0100000)
 ParOldGen       total 84992K, used 5284K [0x0000000084800000, 0x0000000089b00000, 0x00000000d6d80000)
  object space 84992K, 6% used [0x0000000084800000,0x0000000084d290c0,0x0000000089b00000)
 Metaspace       used 4873K, capacity 4944K, committed 5120K, reserved 1056768K
  class space    used 468K, capacity 496K, committed 512K, reserved 1048576K
GC Heap History (10 events):
Event: 2.611 GC heap after
Heap after GC invocations=6 (full 0):
 PSYoungGen      total 129024K, used 2528K [0x00000000d6d80000, 0x00000000def80000, 0x0000000100000000)
  eden space 126464K, 0% used [0x00000000d6d80000,0x00000000d6d80000,0x00000000de900000)
  from space 2560K, 98% used [0x00000000dec00000,0x00000000dee78030,0x00000000dee80000)
  to   space 3072K, 0% used [0x00000000de900000,0x00000000de900000,0x00000000dec00000)
 ParOldGen       total 84992K, used 336K [0x0000000084800000, 0x0000000089b00000, 0x00000000d6d80000)
  object space 84992K, 0% used [0x0000000084800000,0x0000000084854000,0x0000000089b00000)
 Metaspace       used 4871K, capacity 4944K, committed 5120K, reserved 1056768K
  class space    used 468K, capacity 496K, committed 512K, reserved 1048576K
}
Event: 2.846 GC heap before
{Heap before GC invocations=7 (full 0):
 PSYoungGen      total 129024K, used 128992K [0x00000000d6d80000, 0x00000000def80000, 0x0000000100000000)
  eden space 126464K, 100% used [0x00000000d6d80000,0x00000000de900000,0x00000000de900000)
  from space 2560K, 98% used [0x00000000dec00000,0x00000000dee78030,0x00000000dee80000)
  to   space 3072K, 0% used [0x00000000de900000,0x00000000de900000,0x00000000dec00000)
 ParOldGen       total 84992K, used 336K [0x0000000084800000, 0x0000000089b00000, 0x00000000d6d80000)
  object space 84992K, 0% used [0x0000000084800000,0x0000000084854000,0x0000000089b00000)
 Metaspace       used 4872K, capacity 4944K, committed 5120K, reserved 1056768K
  class space    used 468K, capacity 496K, committed 512K, reserved 1048576K
Event: 2.857 GC heap after
Heap after GC invocations=7 (full 0):
 PSYoungGen      total 129536K, used 3040K [0x00000000d6d80000, 0x00000000e6c80000, 0x0000000100000000)
  eden space 126464K, 0% used [0x00000000d6d80000,0x00000000d6d80000,0x00000000de900000)
  from space 3072K, 98% used [0x00000000de900000,0x00000000debf8020,0x00000000dec00000)
  to   space 4096K, 0% used [0x00000000e6880000,0x00000000e6880000,0x00000000e6c80000)
 ParOldGen       total 84992K, used 1340K [0x0000000084800000, 0x0000000089b00000, 0x00000000d6d80000)
  object space 84992K, 1% used [0x0000000084800000,0x000000008494f090,0x0000000089b00000)
 Metaspace       used 4872K, capacity 4944K, committed 5120K, reserved 1056768K
  class space    used 468K, capacity 496K, committed 512K, reserved 1048576K
}
Event: 3.626 GC heap before
{Heap before GC invocations=8 (full 0):
 PSYoungGen      total 129536K, used 129504K [0x00000000d6d80000, 0x00000000e6c80000, 0x0000000100000000)
  eden space 126464K, 100% used [0x00000000d6d80000,0x00000000de900000,0x00000000de900000)
  from space 3072K, 98% used [0x00000000de900000,0x00000000debf8020,0x00000000dec00000)
  to   space 4096K, 0% used [0x00000000e6880000,0x00000000e6880000,0x00000000e6c80000)
 ParOldGen       total 84992K, used 1340K [0x0000000084800000, 0x0000000089b00000, 0x00000000d6d80000)
  object space 84992K, 1% used [0x0000000084800000,0x000000008494f090,0x0000000089b00000)
 Metaspace       used 4872K, capacity 4944K, committed 5120K, reserved 1056768K
  class space    used 468K, capacity 496K, committed 512K, reserved 1048576K
Event: 3.630 GC heap after
Heap after GC invocations=8 (full 0):
 PSYoungGen      total 257024K, used 2560K [0x00000000d6d80000, 0x00000000e6c80000, 0x0000000100000000)
  eden space 252928K, 0% used [0x00000000d6d80000,0x00000000d6d80000,0x00000000e6480000)
  from space 4096K, 62% used [0x00000000e6880000,0x00000000e6b00020,0x00000000e6c80000)
  to   space 4096K, 0% used [0x00000000e6480000,0x00000000e6480000,0x00000000e6880000)
 ParOldGen       total 84992K, used 2020K [0x0000000084800000, 0x0000000089b00000, 0x00000000d6d80000)
  object space 84992K, 2% used [0x0000000084800000,0x00000000849f9090,0x0000000089b00000)
 Metaspace       used 4872K, capacity 4944K, committed 5120K, reserved 1056768K
  class space    used 468K, capacity 496K, committed 512K, reserved 1048576K
}
Event: 4.878 GC heap before
{Heap before GC invocations=9 (full 0):
 PSYoungGen      total 257024K, used 255488K [0x00000000d6d80000, 0x00000000e6c80000, 0x0000000100000000)
  eden space 252928K, 100% used [0x00000000d6d80000,0x00000000e6480000,0x00000000e6480000)
  from space 4096K, 62% used [0x00000000e6880000,0x00000000e6b00020,0x00000000e6c80000)
  to   space 4096K, 0% used [0x00000000e6480000,0x00000000e6480000,0x00000000e6880000)
 ParOldGen       total 84992K, used 2020K [0x0000000084800000, 0x0000000089b00000, 0x00000000d6d80000)
  object space 84992K, 2% used [0x0000000084800000,0x00000000849f9090,0x0000000089b00000)
 Metaspace       used 4872K, capacity 4944K, committed 5120K, reserved 1056768K
  class space    used 468K, capacity 496K, committed 512K, reserved 1048576K
Event: 4.888 GC heap after
Heap after GC invocations=9 (full 0):
 PSYoungGen      total 257024K, used 2096K [0x00000000d6d80000, 0x00000000f0100000, 0x0000000100000000)
  eden space 252928K, 0% used [0x00000000d6d80000,0x00000000d6d80000,0x00000000e6480000)
  from space 4096K, 51% used [0x00000000e6480000,0x00000000e668c030,0x00000000e6880000)
  to   space 4096K, 0% used [0x00000000efd00000,0x00000000efd00000,0x00000000f0100000)
 ParOldGen       total 84992K, used 2876K [0x0000000084800000, 0x0000000089b00000, 0x00000000d6d80000)
  object space 84992K, 3% used [0x0000000084800000,0x0000000084acf090,0x0000000089b00000)
 Metaspace       used 4872K, capacity 4944K, committed 5120K, reserved 1056768K
  class space    used 468K, capacity 496K, committed 512K, reserved 1048576K
}
Event: 5.139 GC heap before
{Heap before GC invocations=10 (full 0):
 PSYoungGen      total 257024K, used 255024K [0x00000000d6d80000, 0x00000000f0100000, 0x0000000100000000)
  eden space 252928K, 100% used [0x00000000d6d80000,0x00000000e6480000,0x00000000e6480000)
  from space 4096K, 51% used [0x00000000e6480000,0x00000000e668c030,0x00000000e6880000)
  to   space 4096K, 0% used [0x00000000efd00000,0x00000000efd00000,0x00000000f0100000)
 ParOldGen       total 84992K, used 2876K [0x0000000084800000, 0x0000000089b00000, 0x00000000d6d80000)
  object space 84992K, 3% used [0x0000000084800000,0x0000000084acf090,0x0000000089b00000)
 Metaspace       used 4872K, capacity 4944K, committed 5120K, reserved 1056768K
  class space    used 468K, capacity 496K, committed 512K, reserved 1048576K
Event: 5.144 GC heap after
Heap after GC invocations=10 (full 0):
 PSYoungGen      total 409088K, used 768K [0x00000000d6d80000, 0x00000000f0100000, 0x0000000100000000)
  eden space 404992K, 0% used [0x00000000d6d80000,0x00000000d6d80000,0x00000000ef900000)
  from space 4096K, 18% used [0x00000000efd00000,0x00000000efdc0000,0x00000000f0100000)
  to   space 4096K, 0% used [0x00000000ef900000,0x00000000ef900000,0x00000000efd00000)
 ParOldGen       total 84992K, used 4572K [0x0000000084800000, 0x0000000089b00000, 0x00000000d6d80000)
  object space 84992K, 5% used [0x0000000084800000,0x0000000084c770c0,0x0000000089b00000)
 Metaspace       used 4872K, capacity 4944K, committed 5120K, reserved 1056768K
  class space    used 468K, capacity 496K, committed 512K, reserved 1048576K
}
Event: 5.742 GC heap before
{Heap before GC invocations=11 (full 0):
 PSYoungGen      total 409088K, used 405760K [0x00000000d6d80000, 0x00000000f0100000, 0x0000000100000000)
  eden space 404992K, 100% used [0x00000000d6d80000,0x00000000ef900000,0x00000000ef900000)
  from space 4096K, 18% used [0x00000000efd00000,0x00000000efdc0000,0x00000000f0100000)
  to   space 4096K, 0% used [0x00000000ef900000,0x00000000ef900000,0x00000000efd00000)
 ParOldGen       total 84992K, used 4572K [0x0000000084800000, 0x0000000089b00000, 0x00000000d6d80000)
  object space 84992K, 5% used [0x0000000084800000,0x0000000084c770c0,0x0000000089b00000)
 Metaspace       used 4873K, capacity 4944K, committed 5120K, reserved 1056768K
  class space    used 468K, capacity 496K, committed 512K, reserved 1048576K

